[debug] [2025-06-12T10:05:41.975Z] ----------------------------------------------------------------------
[debug] [2025-06-12T10:05:41.978Z] Command:       C:\Program Files\nodejs\node.exe C:\Users\gwiba\AppData\Roaming\npm\node_modules\firebase-tools\lib\bin\firebase.js init
[debug] [2025-06-12T10:05:41.978Z] CLI Version:   13.18.0
[debug] [2025-06-12T10:05:41.978Z] Platform:      win32
[debug] [2025-06-12T10:05:41.978Z] Node Version:  v22.8.0
[debug] [2025-06-12T10:05:41.978Z] Time:          Thu Jun 12 2025 12:05:41 GMT+0200 (South Africa Standard Time)
[debug] [2025-06-12T10:05:41.979Z] ----------------------------------------------------------------------
[debug] 
[debug] [2025-06-12T10:05:41.988Z] > command requires scopes: ["email","openid","https://www.googleapis.com/auth/cloudplatformprojects.readonly","https://www.googleapis.com/auth/firebase","https://www.googleapis.com/auth/cloud-platform"]
[debug] [2025-06-12T10:05:41.989Z] > authorizing via signed-in user (gwibantulini8@gmail.com)
[info] 
     ######## #### ########  ######## ########     ###     ######  ########
     ##        ##  ##     ## ##       ##     ##  ##   ##  ##       ##
     ######    ##  ########  ######   ########  #########  ######  ######
     ##        ##  ##    ##  ##       ##     ## ##     ##       ## ##
     ##       #### ##     ## ######## ########  ##     ##  ######  ########

You're about to initialize a Firebase project in this directory:

  C:\Users\gwiba\Downloads\Work Backup\Assignments\TypeScript\weather-app

[info] 
=== Project Setup
[info] 
[info] First, let's associate this project directory with a Firebase project.
[info] You can create multiple project aliases by running firebase use --add, 
[info] but for now we'll just set up a default project.
[info] 
[debug] [2025-06-12T10:05:57.855Z] > refreshing access token with scopes: []
[debug] [2025-06-12T10:05:57.857Z] >>> [apiv2][query] POST https://www.googleapis.com/oauth2/v3/token [none]
[debug] [2025-06-12T10:05:57.858Z] >>> [apiv2][body] POST https://www.googleapis.com/oauth2/v3/token [omitted]
[debug] [2025-06-12T10:05:58.420Z] <<< [apiv2][status] POST https://www.googleapis.com/oauth2/v3/token 200
[debug] [2025-06-12T10:05:58.420Z] <<< [apiv2][body] POST https://www.googleapis.com/oauth2/v3/token [omitted]
[debug] [2025-06-12T10:05:58.446Z] >>> [apiv2][query] GET https://firebase.googleapis.com/v1beta1/projects pageSize=100
[debug] [2025-06-12T10:05:59.478Z] <<< [apiv2][status] GET https://firebase.googleapis.com/v1beta1/projects 200
[debug] [2025-06-12T10:05:59.478Z] <<< [apiv2][body] GET https://firebase.googleapis.com/v1beta1/projects [omitted]
[info] i  Using project weather-app-9f0d4 (Weather App) 
[info] 
=== Hosting Setup
[debug] [2025-06-12T10:06:07.853Z] >>> [apiv2][query] GET https://firebase.googleapis.com/v1beta1/projects/weather-app-9f0d4 [none]
[debug] [2025-06-12T10:06:08.480Z] <<< [apiv2][status] GET https://firebase.googleapis.com/v1beta1/projects/weather-app-9f0d4 200
[debug] [2025-06-12T10:06:08.480Z] <<< [apiv2][body] GET https://firebase.googleapis.com/v1beta1/projects/weather-app-9f0d4 {"projectId":"weather-app-9f0d4","projectNumber":"349178174860","displayName":"Weather App","name":"projects/weather-app-9f0d4","resources":{"hostingSite":"weather-app-9f0d4"},"state":"ACTIVE","etag":"1_ed51ca48-d8f0-44b7-9ebb-ba9d8599cae7"}
[info] 
[info] Your public directory is the folder (relative to your project directory) that
[info] will contain Hosting assets to be uploaded with firebase deploy. If you
[info] have a build process for your assets, use your build's output directory.
[info] 
